Log file open, 03/11/18 13:27:15
LogWindows: Failed to load 'aqProf.dll' (GetLastError=126)
LogWindows: File 'aqProf.dll' does not exist
LogWindows: Failed to load 'VSPerf140.dll' (GetLastError=126)
LogWindows: File 'VSPerf140.dll' does not exist
LogWindows: Failed to load 'VtuneApi.dll' (GetLastError=126)
LogWindows: File 'VtuneApi.dll' does not exist
LogWindows: Failed to load 'VtuneApi32e.dll' (GetLastError=126)
LogWindows: File 'VtuneApi32e.dll' does not exist
LogInit: Display: Running engine for game: SpaceShooter
LogPlatformFile: Not using cached read wrapper
LogInit: Display: RandInit(1681081714) SRandInit(1681081714).
LogTaskGraph: Started task graph with 5 named threads and 14 total threads with 3 sets of task threads.
LogStats: Stats thread started at 0.248450
LogD3D11RHI: Aftermath initialized
LogPluginManager: Mounting plugin Paper2D
LogPluginManager: Mounting plugin LightPropagationVolume
LogPluginManager: Mounting plugin CodeLiteSourceCodeAccess
LogPluginManager: Mounting plugin GitSourceControl
LogPluginManager: Mounting plugin KDevelopSourceCodeAccess
LogPluginManager: Mounting plugin NullSourceCodeAccess
LogPluginManager: Mounting plugin PerforceSourceControl
LogPluginManager: Mounting plugin SubversionSourceControl
LogPluginManager: Mounting plugin UObjectPlugin
LogPluginManager: Mounting plugin VisualStudioSourceCodeAccess
LogPluginManager: Mounting plugin XCodeSourceCodeAccess
LogPluginManager: Mounting plugin AssetManagerEditor
LogPluginManager: Mounting plugin AudioCapture
LogPluginManager: Mounting plugin FacialAnimation
LogPluginManager: Mounting plugin GameplayTagsEditor
LogPluginManager: Mounting plugin MobileLauncherProfileWizard
LogPluginManager: Mounting plugin PluginBrowser
LogPluginManager: Mounting plugin SpeedTreeImporter
LogPluginManager: Mounting plugin AlembicImporter
LogPluginManager: Mounting plugin CharacterAI
LogPluginManager: Mounting plugin HTML5Networking
LogPluginManager: Mounting plugin AndroidMedia
LogPluginManager: Mounting plugin AvfMedia
LogPluginManager: Mounting plugin MediaPlayerEditor
LogPluginManager: Mounting plugin WmfMedia
LogPluginManager: Mounting plugin TcpMessaging
LogPluginManager: Mounting plugin UdpMessaging
LogPluginManager: Mounting plugin LevelSequenceEditor
LogPluginManager: Mounting plugin MatineeToLevelSequence
LogPluginManager: Mounting plugin OnlineSubsystemGooglePlay
LogPluginManager: Mounting plugin OnlineSubsystemIOS
LogPluginManager: Mounting plugin OnlineSubsystem
LogPluginManager: Mounting plugin OnlineSubsystemNull
LogPluginManager: Mounting plugin OnlineSubsystemUtils
LogPluginManager: Mounting plugin AndroidDeviceProfileSelector
LogPluginManager: Mounting plugin AndroidMoviePlayer
LogPluginManager: Mounting plugin AndroidPermission
LogPluginManager: Mounting plugin AppleMoviePlayer
LogPluginManager: Mounting plugin ArchVisCharacter
LogPluginManager: Mounting plugin CableComponent
LogPluginManager: Mounting plugin CustomMeshComponent
LogPluginManager: Mounting plugin ExampleDeviceProfileSelector
LogPluginManager: Mounting plugin GoogleCloudMessaging
LogPluginManager: Mounting plugin HoudiniEngine
LogPluginManager: Mounting plugin ImmediatePhysics
LogPluginManager: Mounting plugin IOSDeviceProfileSelector
LogPluginManager: Mounting plugin LinuxDeviceProfileSelector
LogPluginManager: Mounting plugin LocationServicesBPLibrary
LogPluginManager: Mounting plugin MobilePatchingUtils
LogPluginManager: Mounting plugin OculusVR
LogPluginManager: Mounting plugin PhysXVehicles
LogPluginManager: Mounting plugin ProceduralMeshComponent
LogPluginManager: Mounting plugin RuntimePhysXCooking
LogPluginManager: Mounting plugin SteamVR
LogPluginManager: Mounting plugin WindowsMoviePlayer
LogInit: Using libcurl 7.47.1
LogInit:  - built for x86_64-pc-win32
LogInit:  - supports SSL with OpenSSL/1.0.2g
LogInit:  - supports HTTP deflate (compression) using libz 1.2.8
LogInit:  - other features:
LogInit:      CURL_VERSION_SSL
LogInit:      CURL_VERSION_LIBZ
LogInit:      CURL_VERSION_IPV6
LogInit:      CURL_VERSION_ASYNCHDNS
LogInit:      CURL_VERSION_LARGEFILE
LogInit:      CURL_VERSION_IDN
LogInit:  CurlRequestOptions (configurable via config and command line):
LogInit:  - bVerifyPeer = false  - Libcurl will NOT verify peer certificate
LogInit:  - bUseHttpProxy = false  - Libcurl will NOT use HTTP proxy
LogInit:  - bDontReuseConnections = false  - Libcurl will reuse connections
LogInit:  - CertBundlePath = nullptr  - Libcurl will use whatever was configured at build time.
LogInit: Build: ++UE4+Release-4.17-CL-3658906
LogInit: Engine Version: 4.17.2-3658906+++UE4+Release-4.17
LogInit: Compatible Engine Version: 4.17.0-3573198+++UE4+Release-4.17
LogInit: Net CL: 3573198
LogDevObjectVersion: Number of dev versions registered: 16
LogDevObjectVersion:   Dev-Blueprints (B0D832E4-1F89-4F0D-ACCF-7EB736FD4AA2): 10
LogDevObjectVersion:   Dev-Build (E1C64328-A22C-4D53-A36C-8E866417BD8C): 0
LogDevObjectVersion:   Dev-Core (375EC13C-06E4-48FB-B500-84F0262A717E): 2
LogDevObjectVersion:   Dev-Editor (E4B068ED-F494-42E9-A231-DA0B2E46BB41): 20
LogDevObjectVersion:   Dev-Framework (CFFC743F-43B0-4480-9391-14DF171D2073): 28
LogDevObjectVersion:   Dev-Mobile (B02B49B5-BB20-44E9-A304-32B752E40360): 0
LogDevObjectVersion:   Dev-Networking (A4E4105C-59A1-49B5-A7C5-40C4547EDFEE): 0
LogDevObjectVersion:   Dev-Online (39C831C9-5AE6-47DC-9A44-9C173E1C8E7C): 0
LogDevObjectVersion:   Dev-Physics (78F01B33-EBEA-4F98-B9B4-84EACCB95AA2): 0
LogDevObjectVersion:   Dev-Platform (6631380F-2D4D-43E0-8009-CF276956A95A): 0
LogDevObjectVersion:   Dev-Rendering (12F88B9F-8875-4AFC-A67C-D90C383ABD29): 19
LogDevObjectVersion:   Dev-Sequencer (7B5AE74C-D270-4C10-A958-57980B212A5A): 4
LogDevObjectVersion:   Dev-VR (D7296918-1DD6-4BDD-9DE2-64A83CC13884): 0
LogDevObjectVersion:   Dev-LoadTimes (C2A15278-BFE7-4AFE-6C17-90FF531DF755): 1
LogDevObjectVersion:   Private-Geometry (6EACA3D4-40EC-4CC1-B786-8BED09428FC5): 1
LogDevObjectVersion:   Dev-AnimPhys (29E575DD-E0A3-4627-9D10-D276232CDCEA): 7
LogInit: Compiled (64-bit): Sep 22 2017 13:47:16
LogInit: Compiled with Visual C++: 19.00.24215.01
LogInit: Build Configuration: Development
LogInit: Branch Name: ++UE4+Release-4.17
LogInit: Command line: 
LogInit: Base directory: E:/_Programs/Unreal Engine/UE_4.17/Engine/Binaries/Win64/
LogInit: Installed Engine Build: 1
LogInit: Presizing for max 8388607 objects, including 0 objects not considered by GC, pre-allocating 0 bytes for permanent pool.
LogInit: Object subsystem initialized
[2018.03.11-12.27.16:613][  0]LogInit: Selected Device Profile: [Windows]
[2018.03.11-12.27.16:613][  0]LogInit: Applying CVar settings loaded from the selected device profile: [Windows]
[2018.03.11-12.27.16:659][  0]LogInit: Computer: DESKTOP-J9M8JRM
[2018.03.11-12.27.16:659][  0]LogInit: User: Victorino
[2018.03.11-12.27.16:659][  0]LogInit: CPU Page size=4096, Cores=4
[2018.03.11-12.27.16:659][  0]LogInit: High frequency timer resolution =2.745722 MHz
[2018.03.11-12.27.16:660][  0]LogMemory: Memory total: Physical=8.0GB (8GB approx)
[2018.03.11-12.27.16:660][  0]LogMemory: Platform Memory Stats for Windows
[2018.03.11-12.27.16:660][  0]LogMemory: Process Physical Memory: 277.94 MB used, 277.94 MB peak
[2018.03.11-12.27.16:660][  0]LogMemory: Process Virtual Memory: 273.95 MB used, 273.95 MB peak
[2018.03.11-12.27.16:660][  0]LogMemory: Physical Memory: 4516.04 MB used,  3667.01 MB free, 8183.05 MB total
[2018.03.11-12.27.16:660][  0]LogMemory: Virtual Memory: 702.18 MB used,  3667.01 MB free, 134217728.00 MB total
[2018.03.11-12.27.17:079][  0]LogInit: Using OS detected language (fr-FR).
[2018.03.11-12.27.17:079][  0]LogInit: Using OS detected locale (en-US).
[2018.03.11-12.27.17:153][  0]LogTextLocalizationManager: No localization for 'fr-FR' exists, so 'en' will be used for the language.
[2018.03.11-12.27.21:011][  0]LogD3D11RHI: D3D11 adapters:
[2018.03.11-12.27.21:082][  0]LogD3D11RHI:    0. 'NVIDIA GeForce GTX 660' (Feature Level 11_0)
[2018.03.11-12.27.21:082][  0]LogD3D11RHI:       2015/0/4091 MB DedicatedVideo/DedicatedSystem/SharedSystem, Outputs:2, VendorId:0x10de
[2018.03.11-12.27.21:085][  0]LogD3D11RHI:    1. 'Microsoft Basic Render Driver' (Feature Level 11_0)
[2018.03.11-12.27.21:085][  0]LogD3D11RHI:       0/0/4091 MB DedicatedVideo/DedicatedSystem/SharedSystem, Outputs:0, VendorId:0x1414
[2018.03.11-12.27.21:085][  0]LogD3D11RHI: Chosen D3D11 Adapter: 0
[2018.03.11-12.27.21:093][  0]LogD3D11RHI: Creating new Direct3DDevice
[2018.03.11-12.27.21:093][  0]LogD3D11RHI:     GPU DeviceId: 0x11c0 (for the marketing name, search the web for "GPU Device Id")
[2018.03.11-12.27.21:093][  0]LogWindows: EnumDisplayDevices:
[2018.03.11-12.27.21:093][  0]LogWindows:    0. 'NVIDIA GeForce GTX 660' (P:1 D:1)
[2018.03.11-12.27.21:093][  0]LogWindows:    1. 'NVIDIA GeForce GTX 660' (P:0 D:1)
[2018.03.11-12.27.21:094][  0]LogWindows:    2. 'NVIDIA GeForce GTX 660' (P:0 D:0)
[2018.03.11-12.27.21:094][  0]LogWindows:    3. 'NVIDIA GeForce GTX 660' (P:0 D:0)
[2018.03.11-12.27.21:094][  0]LogWindows: DebugString: GetVideoDriverDetailsInvalid PrimaryIsNotTheChoosenAdapter GetVideoDriverDetailsInvalid PrimaryIsNotTheChoosenAdapter GetVideoDriverDetailsInvalid PrimaryIsNotTheChoosenAdapter GetVideoDriverDetailsInvalid PrimaryIsNotTheChoosenAdapter FoundDriverCount:0 
[2018.03.11-12.27.21:094][  0]LogD3D11RHI:     Adapter Name: NVIDIA GeForce GTX 660
[2018.03.11-12.27.21:094][  0]LogD3D11RHI:   Driver Version: Unknown (internal:Unknown, unified:Unknown)
[2018.03.11-12.27.21:094][  0]LogD3D11RHI:      Driver Date: Unknown
[2018.03.11-12.27.21:094][  0]LogRHI: Texture pool is 1361 MB (70% of 1945 MB)
[2018.03.11-12.27.21:133][  0]LogD3D11RHI: Async texture creation enabled
[2018.03.11-12.27.21:226][  0]LogD3D11RHI: GPU Timing Frequency: 1000.000000 (Debug: 2 1)
[2018.03.11-12.27.21:319][  0]LogShaderCompilers: Guid format shader working directory is 3 characters bigger than the processId version (H:/_Projects/UE4/UE4_SpaceShooter/SpaceShooter/Intermediate/Shaders/WorkingDirectory/16440/).
[2018.03.11-12.27.21:319][  0]LogShaderCompilers: Cleaned the shader compiler working directory 'C:/Users/Victorino/AppData/Local/Temp/UnrealShaderWorkingDir/CD55A57B40E93E21FE00ECB852433C87/'.
[2018.03.11-12.27.21:319][  0]LogShaderCompilers: Display: Using Local Shader Compiler.
[2018.03.11-12.27.24:695][  0]LogTemp: Display: Loaded TP AllDesktopTargetPlatform
[2018.03.11-12.27.24:779][  0]LogTemp: Display: Loaded TP MacClientTargetPlatform
[2018.03.11-12.27.24:858][  0]LogTemp: Display: Loaded TP MacNoEditorTargetPlatform
[2018.03.11-12.27.24:941][  0]LogTemp: Display: Loaded TP MacServerTargetPlatform
[2018.03.11-12.27.25:044][  0]LogTemp: Display: Loaded TP MacTargetPlatform
[2018.03.11-12.27.25:128][  0]LogTemp: Display: Loaded TP WindowsClientTargetPlatform
[2018.03.11-12.27.25:224][  0]LogTemp: Display: Loaded TP WindowsNoEditorTargetPlatform
[2018.03.11-12.27.25:302][  0]LogTemp: Display: Loaded TP WindowsServerTargetPlatform
[2018.03.11-12.27.25:371][  0]LogTemp: Display: Loaded TP WindowsTargetPlatform
[2018.03.11-12.27.25:467][  0]LogTemp: Display: Loaded TP AndroidTargetPlatform
[2018.03.11-12.27.25:549][  0]LogTemp: Display: Loaded TP Android_ASTCTargetPlatform
[2018.03.11-12.27.25:630][  0]LogTemp: Display: Loaded TP Android_ATCTargetPlatform
[2018.03.11-12.27.25:715][  0]LogTemp: Display: Loaded TP Android_DXTTargetPlatform
[2018.03.11-12.27.25:800][  0]LogTemp: Display: Loaded TP Android_ETC1TargetPlatform
[2018.03.11-12.27.25:884][  0]LogTemp: Display: Loaded TP Android_ETC2TargetPlatform
[2018.03.11-12.27.26:044][  0]LogTemp: Display: Loaded TP Android_MultiTargetPlatform
[2018.03.11-12.27.26:044][  0]LogTemp: Display: Loaded TP Android_PVRTCTargetPlatform
[2018.03.11-12.27.26:105][  0]LogTemp: Display: Loaded TP HTML5TargetPlatform
[2018.03.11-12.27.26:267][  0]LogTemp: Display: Loaded TP IOSTargetPlatform
[2018.03.11-12.27.26:315][  0]LogTemp: Display: Loaded TP TVOSTargetPlatform
[2018.03.11-12.27.26:398][  0]LogTemp: Display: Loaded TP LinuxClientTargetPlatform
[2018.03.11-12.27.26:479][  0]LogTemp: Display: Loaded TP LinuxNoEditorTargetPlatform
[2018.03.11-12.27.26:563][  0]LogTemp: Display: Loaded TP LinuxServerTargetPlatform
[2018.03.11-12.27.26:656][  0]LogTemp: Display: Loaded TP LinuxTargetPlatform
[2018.03.11-12.27.26:656][  0]LogTargetPlatformManager: Display: Building Assets For Windows
[2018.03.11-12.27.27:786][  0]LogDerivedDataCache: Display: Max Cache Size: 512 MB
[2018.03.11-12.27.27:994][  0]LogDerivedDataCache: Loaded boot cache 0.21s 93MB C:/Users/Victorino/AppData/Local/UnrealEngine/4.17/DerivedDataCache/Boot.ddc.
[2018.03.11-12.27.27:994][  0]LogDerivedDataCache: Display: Loaded Boot cache: C:/Users/Victorino/AppData/Local/UnrealEngine/4.17/DerivedDataCache/Boot.ddc
[2018.03.11-12.27.27:994][  0]LogDerivedDataCache: FDerivedDataBackendGraph:  Pak pak cache file H:/_Projects/UE4/UE4_SpaceShooter/SpaceShooter/DerivedDataCache/DDC.ddp not found, will not use a pak cache.
[2018.03.11-12.27.27:994][  0]LogDerivedDataCache: Unable to find inner node Pak for hierarchical cache Hierarchy.
[2018.03.11-12.27.27:994][  0]LogDerivedDataCache: FDerivedDataBackendGraph:  CompressedPak pak cache file H:/_Projects/UE4/UE4_SpaceShooter/SpaceShooter/DerivedDataCache/Compressed.ddp not found, will not use a pak cache.
[2018.03.11-12.27.27:994][  0]LogDerivedDataCache: Unable to find inner node CompressedPak for hierarchical cache Hierarchy.
[2018.03.11-12.27.28:038][  0]LogDerivedDataCache: Display: Pak cache opened for reading ../../../Engine/DerivedDataCache/Compressed.ddp.
[2018.03.11-12.27.28:050][  0]LogDerivedDataCache: Using Local data cache path C:/Users/Victorino/AppData/Local/UnrealEngine/Common/DerivedDataCache: Writable
[2018.03.11-12.27.28:067][  0]LogMaterial: Verifying Global Shaders for PCD3D_SM5
[2018.03.11-12.27.28:067][  0]LogSlate: Using Freetype 2.6.0
[2018.03.11-12.27.28:088][  0]LogSlate: SlateFontCache - WITH_FREETYPE: 1, WITH_HARFBUZZ: 1
[2018.03.11-12.27.28:088][  0]LogSlate: SlateFontCache - WITH_FREETYPE: 1, WITH_HARFBUZZ: 1
[2018.03.11-12.27.31:648][  0]LogAssetRegistry: FAssetRegistry took 0.0278 seconds to start up
[2018.03.11-12.27.31:863][  0]LogInit: Selected Device Profile: [Windows]
[2018.03.11-12.27.32:336][  0]LogContentStreaming: Texture pool size is 0.00 MB
[2018.03.11-12.27.32:969][  0]LogSimplygon: Simplygon DLL not present - disabling.
[2018.03.11-12.27.33:031][  0]LogMeshReduction: Using SimplygonSwarm for distributed automatic mesh merging
[2018.03.11-12.27.33:031][  0]LogMeshReduction: Using QuadricMeshReduction for automatic static mesh reduction
[2018.03.11-12.27.33:031][  0]LogMeshReduction: No automatic skeletal mesh reduction module available
[2018.03.11-12.27.33:031][  0]LogMeshReduction: No automatic mesh merging module available
[2018.03.11-12.27.33:031][  0]LogMeshMerging: No automatic mesh merging module available
[2018.03.11-12.27.34:067][  0]LogNetVersion: SpaceShooter , NetCL: 3573198, EngineNetVer: 2, GameNetVer: 0 (Checksum: 2681681731)
[2018.03.11-12.27.34:650][  0]LogPackageLocalizationCache: Processed 6 localized package path(s) for 1 prioritized culture(s) in 0.054606 seconds
[2018.03.11-12.27.34:658][  0]LogUObjectArray: 35825 objects as part of root set at end of initial load.
[2018.03.11-12.27.34:658][  0]LogUObjectAllocator: 7529112 out of 0 bytes used by permanent object pool.
[2018.03.11-12.27.34:658][  0]LogUObjectArray: CloseDisregardForGC: 0/0 objects in disregard for GC pool
[2018.03.11-12.27.34:749][  0]LogInit: WinSock: version 1.1 (2.2), MaxSocks=32767, MaxUdp=65467
[2018.03.11-12.27.43:156][  0]LogTcpMessaging: Initializing TcpMessaging bridge
[2018.03.11-12.27.43:218][  0]LogUdpMessaging: Initializing bridge on interface 0.0.0.0:0 to multicast group 230.0.0.1:6666.
[2018.03.11-12.27.44:430][  0]LogMaterial: Uniform references updated for custom material expression Custom.
[2018.03.11-12.27.45:123][  0]SourceControl: Source control is disabled
[2018.03.11-12.27.45:123][  0]SourceControl: Source control is disabled
[2018.03.11-12.27.45:203][  0]SourceControl: Source control is disabled
[2018.03.11-12.27.45:278][  0]SourceControl: Source control is disabled
[2018.03.11-12.27.46:197][  0]LogAndroidPermission: UAndroidPermissionCallbackProxy::GetInstance
[2018.03.11-12.27.46:492][  0]LogHoudiniEngine: Starting the Houdini Engine module.
[2018.03.11-12.27.46:506][  0]LogHoudiniEngine: Loaded libHAPIL.dll from HFS environment path C:/PROGRA~1/SIDEEF~1/HOUDIN~1.378/bin
[2018.03.11-12.27.46:507][  0]LogLinker: Warning: Asset '../../../Engine/Plugins/Runtime/HoudiniEngine/Content/houdini_logo.uasset' has been saved with empty engine version. The asset will be loaded but may be incompatible.
[2018.03.11-12.27.46:511][  0]LogLinker: Warning: Asset '../../../Engine/Plugins/Runtime/HoudiniEngine/Content/houdini_default_material.uasset' has been saved with empty engine version. The asset will be loaded but may be incompatible.
[2018.03.11-12.27.46:538][  0]LogLinker: Warning: Asset '../../../Engine/Plugins/Runtime/HoudiniEngine/Content/houdini_bgeo_import.uasset' has been saved with empty engine version. The asset will be loaded but may be incompatible.
[2018.03.11-12.27.51:058][  0]LogHoudiniEngine: Successfully intialized the Houdini Engine API module.
[2018.03.11-12.27.51:207][  0]LogOcInput: OculusInput pre-init called
[2018.03.11-12.27.51:579][  0]LogEngine: Initializing Engine...
[2018.03.11-12.27.51:582][  0]LogHMD: Failed to initialize OpenVR with code 110
[2018.03.11-12.27.51:937][  0]LogStats: UGameplayTagsManager::ConstructGameplayTagTree: Construct from data asset -  0.000 s
[2018.03.11-12.27.51:937][  0]LogStats: UGameplayTagsManager::ConstructGameplayTagTree: GameplayTagTreeChangedEvent.Broadcast -  0.000 s
[2018.03.11-12.27.52:118][  0]LogAIModule: Creating AISystem for world Untitled
[2018.03.11-12.27.52:140][  0]LogInit: XAudio2 using 'Haut-parleurs (USB Audio Device)' : 2 channels at 48 kHz using 16 bits per sample (channel mask 0x3)
[2018.03.11-12.27.52:165][  0]LogInit: FAudioDevice initialized.
[2018.03.11-12.27.52:300][  0]LogDerivedDataCache: Saved boot cache 0.13s 93MB C:/Users/Victorino/AppData/Local/UnrealEngine/4.17/DerivedDataCache/Boot.ddc.
[2018.03.11-12.27.52:322][  0]LogInit: Texture streaming: Enabled
[2018.03.11-12.27.52:480][  0]LogEngineSessionManager: EngineSessionManager initialized
[2018.03.11-12.27.52:795][  0]LogInit: Transaction tracking system initialized
[2018.03.11-12.27.53:218][  0]BlueprintLog: New page: Editor Load
[2018.03.11-12.27.54:634][  0]LocalizationService: Localization service is disabled
[2018.03.11-12.27.56:099][  0]LogConsoleResponse: Display: 
[2018.03.11-12.27.56:352][  0]LogFileCache: Scanning file cache for directory 'H:/_Projects/UE4/UE4_SpaceShooter/SpaceShooter/Content/' took 0.01s
[2018.03.11-12.27.56:353][  0]LogCook: Display: Max memory allowance for cook 16384mb min free memory 0mb
[2018.03.11-12.27.56:353][  0]LogCook: Display: Mobile HDR setting 1
[2018.03.11-12.27.56:353][  0]LogGameplayTags: Display: UGameplayTagsManager::DoneAddingNativeTags. DelegateIsBound: 0
[2018.03.11-12.27.57:266][  0]LogHoudiniEngineEditor: Starting the Houdini Engine Editor module.
[2018.03.11-12.27.57:959][  0]SourceControl: Source control is disabled
[2018.03.11-12.27.57:959][  0]Cmd: MAP LOAD FILE="../../../Engine/Content/Maps/Templates/Template_Default.umap" TEMPLATE=1 SHOWPROGRESS=1 FEATURELEVEL=3
[2018.03.11-12.27.57:959][  0]LightingResults: New page: Lighting Build
[2018.03.11-12.27.58:019][  0]MapCheck: New page: Map Check
[2018.03.11-12.27.58:019][  0]LightingResults: New page: Lighting Build
[2018.03.11-12.27.58:338][  0]LogAIModule: Creating AISystem for world Untitled_1
[2018.03.11-12.27.58:345][  0]LogEditorServer: Finished looking for orphan Actors (0.000 secs)
[2018.03.11-12.27.58:364][  0]Cmd: MAP CHECKDEP NOCLEARLOG
[2018.03.11-12.27.58:437][  0]MapCheck: Map check complete: 0 Error(s), 0 Warning(s), took 73.148ms to complete.
[2018.03.11-12.27.58:437][  0]LogFileHelpers: Loading map 'Template_Default' took 0.478
[2018.03.11-12.27.58:527][  0]LogWindowsTextInputMethodSystem: Display: IME system now deactivated.
[2018.03.11-12.27.58:527][  0]LogWindowsTextInputMethodSystem: Display: IME system now deactivated.
[2018.03.11-12.27.58:747][  0]LogCollectionManager: Loaded 0 collections in 0.001139 seconds
[2018.03.11-12.27.58:869][  0]LogFileCache: Scanning file cache for directory 'H:/_Projects/UE4/UE4_SpaceShooter/SpaceShooter/Saved/Collections/' took 0.01s
[2018.03.11-12.27.58:869][  0]LogFileCache: Scanning file cache for directory 'H:/_Projects/UE4/UE4_SpaceShooter/SpaceShooter/Content/Developers/Victorino/Collections/' took 0.01s
[2018.03.11-12.27.58:869][  0]LogFileCache: Scanning file cache for directory 'H:/_Projects/UE4/UE4_SpaceShooter/SpaceShooter/Content/Collections/' took 0.01s
[2018.03.11-12.27.58:869][  0]LogCollectionManager: Rebuilt the GUID cache for 0 collections in 0.000001 seconds
[2018.03.11-12.27.58:885][  0]LogContentBrowser: Native class hierarchy populated in 0.0143 seconds. Added 2420 classes and 507 folders.
[2018.03.11-12.27.59:012][  0]LogContentBrowser: Native class hierarchy updated for 'WidgetCarousel' in 0.0010 seconds. Added 0 classes and 0 folders.
[2018.03.11-12.27.59:483][  0]LogContentBrowser: Native class hierarchy updated for 'AddContentDialog' in 0.0008 seconds. Added 0 classes and 0 folders.
[2018.03.11-12.27.59:551][  0]LogContentBrowser: Native class hierarchy updated for 'SceneOutliner' in 0.0009 seconds. Added 1 classes and 2 folders.
[2018.03.11-12.27.59:649][  0]LogSlate: Took 0.014553 seconds to synchronously load lazily loaded font '../../../Engine/Content/Slate/Fonts/Roboto-Regular.ttf' (155K)
[2018.03.11-12.27.59:659][  0]LogSlate: Took 0.005867 seconds to synchronously load lazily loaded font '../../../Engine/Content/Slate/Fonts/Roboto-Bold.ttf' (160K)
[2018.03.11-12.27.59:682][  0]LogSlate: Took 0.011991 seconds to synchronously load lazily loaded font '../../../Engine/Content/Editor/Slate/Fonts/FontAwesome.ttf' (139K)
[2018.03.11-12.27.59:690][  0]LogSlate: Took 0.007244 seconds to synchronously load lazily loaded font '../../../Engine/Content/Editor/Slate/Fonts/DroidSansMono.ttf' (77K)
[2018.03.11-12.27.59:932][  0]LogRenderer: Reallocating scene render targets to support 1208x624 Format 9 NumSamples 1 (Frame:1).
[2018.03.11-12.28.00:333][  0]LogContentBrowser: Native class hierarchy updated for 'HierarchicalLODOutliner' in 0.0009 seconds. Added 1 classes and 2 folders.
[2018.03.11-12.28.00:333][  0]LogLoad: (Engine Initialization) Total time: 47.91 seconds
[2018.03.11-12.28.00:334][  0]LogLoad: (Engine Initialization) Total Blueprint compile time: 0.00 seconds
[2018.03.11-12.28.00:334][  0]LogExternalProfiler: No external profilers were discovered.  External profiling features will not be available.
[2018.03.11-12.28.00:376][  0]LogContentStreaming: Texture pool size now 600 MB
[2018.03.11-12.28.00:423][  1]LogAssetRegistry: Asset discovery search completed in 28.7969 seconds
[2018.03.11-12.28.00:425][  1]LogCollectionManager: Rebuilt the object cache for 0 collections in 0.000001 seconds (found 0 objects)
[2018.03.11-12.28.00:426][  1]LogCollectionManager: Fixed up redirectors for 0 collections in 0.000276 seconds (updated 0 objects)
[2018.03.11-12.29.21:808][821]LogSlate: Took 0.007889 seconds to synchronously load lazily loaded font '../../../Engine/Content/Slate/Fonts/Roboto-Light.ttf' (159K)
[2018.03.11-12.29.26:462][891]LogSlate: Took 0.000234 seconds to synchronously load lazily loaded font '../../../Engine/Content/Slate/Fonts/Roboto-Light.ttf' (159K)
[2018.03.11-12.29.28:108][891]Cmd: OBJ SAVEPACKAGE PACKAGE="/Game/Maps/Main" FILE="H:/_Projects/UE4/UE4_SpaceShooter/SpaceShooter/Content/Maps/Main.umap" SILENT=true AUTOSAVING=false KEEPDIRTY=false
[2018.03.11-12.29.28:166][891]LogSavePackage: Save=19.69ms
[2018.03.11-12.29.28:167][891]LogSavePackage: Moving 'H:/_Projects/UE4/UE4_SpaceShooter/SpaceShooter/Saved/Main6B0ABE2C4C0D9713D956099C8B9D51A9.tmp' to 'H:/_Projects/UE4/UE4_SpaceShooter/SpaceShooter/Content/Maps/Main.umap'
[2018.03.11-12.29.28:200][891]LogSavePackage: Display: Finished SavePackage H:/_Projects/UE4/UE4_SpaceShooter/SpaceShooter/Content/Maps/Main.umap
[2018.03.11-12.29.28:201][891]LogFileHelpers: Saving map 'Main' took 0.173
[2018.03.11-12.29.28:210][891]Cmd: MAP LOAD FILE="H:/_Projects/UE4/UE4_SpaceShooter/SpaceShooter/Content/Maps/Main.umap" TEMPLATE=0 SHOWPROGRESS=1 FEATURELEVEL=3
[2018.03.11-12.29.28:210][891]LightingResults: New page: Lighting Build
[2018.03.11-12.29.28:212][891]LoadErrors: New page: Loading map: Main.umap
[2018.03.11-12.29.28:284][891]MapCheck: New page: Map Check
[2018.03.11-12.29.28:284][891]LightingResults: New page: Lighting Build
[2018.03.11-12.29.28:312][891]LogEditorServer: Finished looking for orphan Actors (0.000 secs)
[2018.03.11-12.29.28:313][891]LogAIModule: Creating AISystem for world Main
[2018.03.11-12.29.28:345][891]LogSlate: Took 0.007204 seconds to synchronously load lazily loaded font '../../../Engine/Content/Slate/Fonts/Roboto-Regular.ttf' (155K)
[2018.03.11-12.29.28:382][891]Cmd: MAP CHECKDEP NOCLEARLOG
[2018.03.11-12.29.28:482][891]MapCheck: Map check complete: 0 Error(s), 0 Warning(s), took 100.375ms to complete.
[2018.03.11-12.29.28:484][891]LogFileHelpers: Loading map 'Main' took 0.280
[2018.03.11-12.29.37:485][113]LogDirectoryWatcher: Warning: Failed to begin reading directory changes for H:/_Projects/UE4/UE4_SpaceShooter/SpaceShooter/Plugins/. Error: Le fichier spécifié est introuvable. (0x00000002)
[2018.03.11-12.29.45:915][473]LogDirectoryWatcher: A directory notification for '../../../Engine/Plugins/' was aborted.
[2018.03.11-12.29.54:151][851]LogTemp: Executing iPhonePackager certificates Engine -bundlename com.YourCompany.SpaceShooter
[2018.03.11-12.29.54:151][851]LogTemp: CWD: E:\_Programs\Unreal Engine\UE_4.17\Engine\Binaries\DotNET\IOS
[2018.03.11-12.29.54:151][851]LogTemp: Initial Dir: E:\_Programs\Unreal Engine\UE_4.17
[2018.03.11-12.29.54:151][851]LogTemp: Env CWD: E:\_Programs\Unreal Engine\UE_4.17\Engine\Binaries\DotNET\IOS
[2018.03.11-12.29.54:176][852]LogTemp: BranchPath = DESKTOP-J9M8JRM/E/_Programs/Unreal Engine/UE_4.17/Engine/Binaries --- GameBranchPath = DESKTOP-J9M8JRM/E/_Programs/Unreal Engine/UE_4.17/Engine/Binaries
[2018.03.11-12.29.54:263][855]LogTemp: IPP ERROR: Could not find provision directory 'C:\Users\Victorino\AppData\Local/Apple Computer/MobileDevice/Provisioning Profiles/'.
[2018.03.11-12.29.58:469][ 26]LogSlate: Took 0.001414 seconds to synchronously load lazily loaded font '../../../Engine/Content/Slate/Fonts/Roboto-Light.ttf' (159K)
[2018.03.11-12.30.56:754][342]Cmd: OBJ SAVEPACKAGE PACKAGE="/Game/Maps/Main" FILE="H:/_Projects/UE4/UE4_SpaceShooter/SpaceShooter/Content/Maps/Main.umap" SILENT=true AUTOSAVING=false KEEPDIRTY=false
[2018.03.11-12.30.56:812][342]LogSavePackage: Save=11.19ms
[2018.03.11-12.30.56:812][342]LogSavePackage: Moving 'H:/_Projects/UE4/UE4_SpaceShooter/SpaceShooter/Saved/Main29DEF1814B1C4BCF557EA0AD566669B5.tmp' to 'H:/_Projects/UE4/UE4_SpaceShooter/SpaceShooter/Content/Maps/Main.umap'
[2018.03.11-12.30.56:815][342]LogSavePackage: Display: Finished SavePackage H:/_Projects/UE4/UE4_SpaceShooter/SpaceShooter/Content/Maps/Main.umap
[2018.03.11-12.30.58:815][534]LogWindowsTextInputMethodSystem: Display: IME system now deactivated.
[2018.03.11-12.30.58:816][534]LogWindowsTextInputMethodSystem: Display: IME system now deactivated.
[2018.03.11-12.30.59:215][535]Cmd: QUIT_EDITOR
[2018.03.11-12.30.59:366][535]LogExit: Preparing to exit.
[2018.03.11-12.31.00:680][535]LogExit: Editor shut down
[2018.03.11-12.31.00:688][535]LogExit: Transaction tracking system shut down
[2018.03.11-12.31.00:836][535]LogDirectoryWatcher: A directory notification for '../../../Engine/Content/' was aborted.
[2018.03.11-12.31.00:837][535]LogDirectoryWatcher: A directory notification for 'H:/_Projects/UE4/UE4_SpaceShooter/SpaceShooter/Content/' was aborted.
[2018.03.11-12.31.00:837][535]LogDirectoryWatcher: A directory notification for '../../../Engine/Plugins/2D/Paper2D/Content/' was aborted.
[2018.03.11-12.31.00:837][535]LogDirectoryWatcher: A directory notification for '../../../Engine/Plugins/Runtime/HoudiniEngine/Content/' was aborted.
[2018.03.11-12.31.00:837][535]LogDirectoryWatcher: A directory notification for '../../../Engine/Plugins/Runtime/Oculus/OculusVR/Content/' was aborted.
[2018.03.11-12.31.00:837][535]LogDirectoryWatcher: A directory notification for '../../../Engine/Plugins/Runtime/Steam/SteamVR/Content/' was aborted.
[2018.03.11-12.31.00:983][535]LogExit: Object subsystem successfully closed.
[2018.03.11-12.31.01:064][535]LogD3D11RHI: Shutdown
[2018.03.11-12.31.01:064][535]LogD3D11RHI: CleanupD3DDevice
[2018.03.11-12.31.01:276][535]LogD3D11RHI: ~FD3D11DynamicRHI
[2018.03.11-12.31.01:328][535]LogModuleManager: Shutting down and abandoning module ExternalImagePicker (536)
[2018.03.11-12.31.01:328][535]LogModuleManager: Shutting down and abandoning module HierarchicalLODOutliner (534)
[2018.03.11-12.31.01:328][535]LogModuleManager: Shutting down and abandoning module SceneOutliner (532)
[2018.03.11-12.31.01:328][535]LogModuleManager: Shutting down and abandoning module AddContentDialog (530)
[2018.03.11-12.31.01:329][535]LogDirectoryWatcher: A directory notification for 'E:/_Programs/Unreal Engine/UE_4.17/FeaturePacks/' was aborted.
[2018.03.11-12.31.01:331][535]LogModuleManager: Shutting down and abandoning module WidgetCarousel (529)
[2018.03.11-12.31.01:331][535]LogModuleManager: Shutting down and abandoning module EditorWidgets (526)
[2018.03.11-12.31.01:331][535]LogModuleManager: Shutting down and abandoning module CollectionManager (524)
[2018.03.11-12.31.01:332][535]LogDirectoryWatcher: A directory notification for 'H:/_Projects/UE4/UE4_SpaceShooter/SpaceShooter/Content/Collections/' was aborted.
[2018.03.11-12.31.01:332][535]LogDirectoryWatcher: A directory notification for 'H:/_Projects/UE4/UE4_SpaceShooter/SpaceShooter/Content/Developers/Victorino/Collections/' was aborted.
[2018.03.11-12.31.01:332][535]LogDirectoryWatcher: A directory notification for 'H:/_Projects/UE4/UE4_SpaceShooter/SpaceShooter/Saved/Collections/' was aborted.
[2018.03.11-12.31.01:332][535]LogModuleManager: Shutting down and abandoning module StatsViewer (522)
[2018.03.11-12.31.01:333][535]LogModuleManager: Shutting down and abandoning module FoliageEdit (520)
[2018.03.11-12.31.01:333][535]LogModuleManager: Shutting down and abandoning module LandscapeEditor (518)
[2018.03.11-12.31.01:334][535]LogModuleManager: Shutting down and abandoning module MeshPaintMode (516)
[2018.03.11-12.31.01:334][535]LogModuleManager: Shutting down and abandoning module SceneDepthPickerMode (514)
[2018.03.11-12.31.01:334][535]LogModuleManager: Shutting down and abandoning module ActorPickerMode (512)
[2018.03.11-12.31.01:334][535]LogModuleManager: Shutting down and abandoning module GeometryMode (510)
[2018.03.11-12.31.01:334][535]LogModuleManager: Shutting down and abandoning module TextureAlignMode (508)
[2018.03.11-12.31.01:334][535]LogModuleManager: Shutting down and abandoning module BspMode (506)
[2018.03.11-12.31.01:334][535]LogModuleManager: Shutting down and abandoning module PIEPreviewDeviceProfileSelector (504)
[2018.03.11-12.31.01:335][535]LogModuleManager: Shutting down and abandoning module HardwareSurvey (502)
[2018.03.11-12.31.01:335][535]LogModuleManager: Shutting down and abandoning module SequenceRecorderSections (500)
[2018.03.11-12.31.01:335][535]LogModuleManager: Shutting down and abandoning module AutomationWorker (498)
[2018.03.11-12.31.01:335][535]LogModuleManager: Shutting down and abandoning module HoudiniEngineEditor (496)
[2018.03.11-12.31.01:335][535]LogHoudiniEngineEditor: Shutting down the Houdini Engine Editor module.
[2018.03.11-12.31.01:336][535]LogModuleManager: Shutting down and abandoning module MatineeToLevelSequence (494)
[2018.03.11-12.31.01:336][535]LogModuleManager: Shutting down and abandoning module LevelSequenceEditor (492)
[2018.03.11-12.31.01:339][535]LogModuleManager: Shutting down and abandoning module PlacementMode (491)
[2018.03.11-12.31.01:339][535]LogModuleManager: Shutting down and abandoning module WmfMediaFactory (488)
[2018.03.11-12.31.01:339][535]LogModuleManager: Shutting down and abandoning module WmfMediaEditor (486)
[2018.03.11-12.31.01:339][535]LogModuleManager: Shutting down and abandoning module AvfMediaFactory (484)
[2018.03.11-12.31.01:339][535]LogModuleManager: Shutting down and abandoning module AvfMediaEditor (482)
[2018.03.11-12.31.01:339][535]LogModuleManager: Shutting down and abandoning module AndroidMediaFactory (480)
[2018.03.11-12.31.01:339][535]LogModuleManager: Shutting down and abandoning module Media (479)
[2018.03.11-12.31.01:339][535]LogModuleManager: Shutting down and abandoning module AndroidMediaEditor (476)
[2018.03.11-12.31.01:339][535]LogModuleManager: Shutting down and abandoning module CharacterAI (474)
[2018.03.11-12.31.01:339][535]LogModuleManager: Shutting down and abandoning module AudioCapture (472)
[2018.03.11-12.31.01:339][535]LogModuleManager: Shutting down and abandoning module SequenceRecorder (471)
[2018.03.11-12.31.01:340][535]LogModuleManager: Shutting down and abandoning module SmartSnapping (468)
[2018.03.11-12.31.01:340][535]LogModuleManager: Shutting down and abandoning module SessionServices (466)
[2018.03.11-12.31.01:340][535]LogModuleManager: Shutting down and abandoning module ViewportSnapping (464)
[2018.03.11-12.31.01:340][535]LogModuleManager: Shutting down and abandoning module ViewportInteraction (462)
[2018.03.11-12.31.01:340][535]LogModuleManager: Shutting down and abandoning module ClothPainter (460)
[2018.03.11-12.31.01:341][535]LogModuleManager: Shutting down and abandoning module LogVisualizer (458)
[2018.03.11-12.31.01:342][535]LogModuleManager: Shutting down and abandoning module IntroTutorials (456)
[2018.03.11-12.31.01:343][535]LogModuleManager: Shutting down and abandoning module GameProjectGeneration (455)
[2018.03.11-12.31.01:344][535]LogModuleManager: Shutting down and abandoning module IOSPlatformEditor (452)
[2018.03.11-12.31.01:344][535]LogModuleManager: Shutting down and abandoning module HTML5PlatformEditor (450)
[2018.03.11-12.31.01:344][535]LogModuleManager: Shutting down and abandoning module AndroidPlatformEditor (448)
[2018.03.11-12.31.01:344][535]LogModuleManager: Shutting down and abandoning module AndroidDeviceDetection (447)
[2018.03.11-12.31.02:226][535]LogModuleManager: Shutting down and abandoning module WindowsPlatformEditor (444)
[2018.03.11-12.31.02:226][535]LogModuleManager: Shutting down and abandoning module IOSRuntimeSettings (442)
[2018.03.11-12.31.02:226][535]LogModuleManager: Shutting down and abandoning module AndroidRuntimeSettings (440)
[2018.03.11-12.31.02:226][535]LogModuleManager: Shutting down and abandoning module InputBindingEditor (438)
[2018.03.11-12.31.02:229][535]LogModuleManager: Shutting down and abandoning module MergeActors (436)
[2018.03.11-12.31.02:233][535]LogModuleManager: Shutting down and abandoning module SizeMap (434)
[2018.03.11-12.31.02:233][535]LogModuleManager: Shutting down and abandoning module TreeMap (432)
[2018.03.11-12.31.02:237][535]LogModuleManager: Shutting down and abandoning module ReferenceViewer (430)
[2018.03.11-12.31.02:237][535]LogModuleManager: Shutting down and abandoning module LocalizationDashboard (428)
[2018.03.11-12.31.02:243][535]LogModuleManager: Shutting down and abandoning module LocalizationService (427)
[2018.03.11-12.31.02:243][535]LogModuleManager: Shutting down and abandoning module HardwareTargeting (424)
[2018.03.11-12.31.02:243][535]LogModuleManager: Shutting down and abandoning module DeviceProfileEditor (422)
[2018.03.11-12.31.02:244][535]LogModuleManager: Shutting down and abandoning module UndoHistory (420)
[2018.03.11-12.31.02:244][535]LogModuleManager: Shutting down and abandoning module XmlParser (418)
[2018.03.11-12.31.02:245][535]LogModuleManager: Shutting down and abandoning module Blutility (416)
[2018.03.11-12.31.02:245][535]LogModuleManager: Shutting down and abandoning module ProjectSettingsViewer (414)
[2018.03.11-12.31.02:245][535]LogModuleManager: Shutting down and abandoning module ProjectTargetPlatformEditor (413)
[2018.03.11-12.31.02:245][535]LogModuleManager: Shutting down and abandoning module EditorSettingsViewer (410)
[2018.03.11-12.31.02:245][535]LogModuleManager: Shutting down and abandoning module SettingsEditor (408)
[2018.03.11-12.31.02:245][535]LogModuleManager: Shutting down and abandoning module ProjectLauncher (406)
[2018.03.11-12.31.02:246][535]LogModuleManager: Shutting down and abandoning module SessionFrontend (404)
[2018.03.11-12.31.02:247][535]LogModuleManager: Shutting down and abandoning module ProfilerClient (402)
[2018.03.11-12.31.02:247][535]LogModuleManager: Shutting down and abandoning module DeviceManager (400)
[2018.03.11-12.31.02:251][535]LogModuleManager: Shutting down and abandoning module TargetDeviceServices (399)
[2018.03.11-12.31.02:308][535]LogModuleManager: Shutting down and abandoning module AutomationController (396)
[2018.03.11-12.31.02:345][535]LogModuleManager: Shutting down and abandoning module AutomationWindow (394)
[2018.03.11-12.31.02:348][535]LogModuleManager: Shutting down and abandoning module Layers (392)
[2018.03.11-12.31.02:355][535]LogModuleManager: Shutting down and abandoning module ComponentVisualizers (390)
[2018.03.11-12.31.02:355][535]LogModuleManager: Shutting down and abandoning module DetailCustomizations (388)
[2018.03.11-12.31.02:356][535]LogModuleManager: Shutting down and abandoning module PackagesDialog (386)
[2018.03.11-12.31.02:356][535]LogModuleManager: Shutting down and abandoning module Persona (384)
[2018.03.11-12.31.02:360][535]LogModuleManager: Shutting down and abandoning module AdvancedPreviewScene (383)
[2018.03.11-12.31.02:360][535]LogModuleManager: Shutting down and abandoning module AnimGraph (381)
[2018.03.11-12.31.02:360][535]LogModuleManager: Shutting down and abandoning module Kismet (378)
[2018.03.11-12.31.02:361][535]LogModuleManager: Shutting down and abandoning module ClassViewer (376)
[2018.03.11-12.31.02:361][535]LogModuleManager: Shutting down and abandoning module Toolbox (374)
[2018.03.11-12.31.02:361][535]LogModuleManager: Shutting down and abandoning module ModuleUI (372)
[2018.03.11-12.31.02:362][535]LogModuleManager: Shutting down and abandoning module MovieSceneTools (370)
[2018.03.11-12.31.02:364][535]LogModuleManager: Shutting down and abandoning module OutputLog (368)
[2018.03.11-12.31.02:364][535]LogModuleManager: Shutting down and abandoning module GammaUI (366)
[2018.03.11-12.31.02:365][535]LogModuleManager: Shutting down and abandoning module Documentation (364)
[2018.03.11-12.31.02:365][535]LogModuleManager: Shutting down and abandoning module MovieSceneTracks (362)
[2018.03.11-12.31.02:365][535]LogModuleManager: Shutting down and abandoning module MovieScene (360)
[2018.03.11-12.31.02:366][535]LogModuleManager: Shutting down and abandoning module Niagara (358)
[2018.03.11-12.31.02:366][535]LogModuleManager: Shutting down and abandoning module NiagaraEditor (357)
[2018.03.11-12.31.02:371][535]LogModuleManager: Shutting down and abandoning module StreamingPauseRendering (354)
[2018.03.11-12.31.02:372][535]LogModuleManager: Shutting down and abandoning module LauncherPlatform (352)
[2018.03.11-12.31.02:372][535]LogModuleManager: Shutting down and abandoning module AnalyticsET (350)
[2018.03.11-12.31.02:372][535]LogModuleManager: Shutting down and abandoning module PortalServices (348)
[2018.03.11-12.31.02:372][535]LogModuleManager: Shutting down and abandoning module PortalRpc (346)
[2018.03.11-12.31.02:372][535]LogModuleManager: Shutting down and abandoning module MessagingRpc (344)
[2018.03.11-12.31.02:372][535]LogModuleManager: Shutting down and abandoning module AIModule (342)
[2018.03.11-12.31.02:372][535]LogModuleManager: Shutting down and abandoning module GameplayDebugger (341)
[2018.03.11-12.31.02:372][535]LogModuleManager: Shutting down and abandoning module AITestSuite (339)
[2018.03.11-12.31.02:373][535]LogModuleManager: Shutting down and abandoning module ProfilerService (336)
[2018.03.11-12.31.02:600][535]LogModuleManager: Shutting down and abandoning module TaskGraph (334)
[2018.03.11-12.31.02:601][535]LogModuleManager: Shutting down and abandoning module SteamVRController (332)
[2018.03.11-12.31.02:601][535]LogModuleManager: Shutting down and abandoning module ProceduralMeshComponentEditor (330)
[2018.03.11-12.31.02:601][535]LogModuleManager: Shutting down and abandoning module ProceduralMeshComponent (328)
[2018.03.11-12.31.02:601][535]LogModuleManager: Shutting down and abandoning module OculusInput (326)
[2018.03.11-12.31.02:602][535]LogModuleManager: Shutting down and abandoning module MobilePatchingUtils (324)
[2018.03.11-12.31.02:602][535]LogModuleManager: Shutting down and abandoning module HoudiniEngineRuntime (322)
[2018.03.11-12.31.02:603][535]LogHoudiniEngine: Shutting down the Houdini Engine module.
[2018.03.11-12.31.02:619][535]LogModuleManager: Shutting down and abandoning module CustomMeshComponent (320)
[2018.03.11-12.31.02:619][535]LogModuleManager: Shutting down and abandoning module CableComponent (318)
[2018.03.11-12.31.02:619][535]LogModuleManager: Shutting down and abandoning module ArchVisCharacter (316)
[2018.03.11-12.31.02:619][535]LogModuleManager: Shutting down and abandoning module AndroidPermission (314)
[2018.03.11-12.31.02:619][535]LogModuleManager: Shutting down and abandoning module MediaPlayerEditor (310)
[2018.03.11-12.31.02:621][535]LogModuleManager: Shutting down and abandoning module HTML5Networking (308)
[2018.03.11-12.31.02:622][535]LogModuleManager: Shutting down and abandoning module AlembicImporter (306)
[2018.03.11-12.31.02:622][535]LogModuleManager: Shutting down and abandoning module AlembicLibrary (305)
[2018.03.11-12.31.02:622][535]LogModuleManager: Shutting down and abandoning module GeometryCache (304)
[2018.03.11-12.31.02:622][535]LogModuleManager: Shutting down and abandoning module GeometryCacheEd (303)
[2018.03.11-12.31.02:622][535]LogModuleManager: Shutting down and abandoning module SpeedTreeImporter (298)
[2018.03.11-12.31.02:622][535]LogModuleManager: Shutting down and abandoning module PluginBrowser (296)
[2018.03.11-12.31.02:622][535]LogModuleManager: Shutting down and abandoning module MobileLauncherProfileWizard (294)
[2018.03.11-12.31.02:623][535]LogModuleManager: Shutting down and abandoning module VisualStudioSourceCodeAccess (292)
[2018.03.11-12.31.02:623][535]LogModuleManager: Shutting down and abandoning module DesktopPlatform (291)
[2018.03.11-12.31.02:623][535]LogModuleManager: Shutting down and abandoning module UObjectPlugin (288)
[2018.03.11-12.31.02:623][535]LogModuleManager: Shutting down and abandoning module SubversionSourceControl (286)
[2018.03.11-12.31.02:623][535]LogModuleManager: Shutting down and abandoning module PerforceSourceControl (284)
[2018.03.11-12.31.02:624][535]LogModuleManager: Shutting down and abandoning module GitSourceControl (282)
[2018.03.11-12.31.02:625][535]LogModuleManager: Shutting down and abandoning module SourceControl (281)
[2018.03.11-12.31.02:626][535]LogModuleManager: Shutting down and abandoning module LightPropagationVolumeEditor (278)
[2018.03.11-12.31.02:626][535]LogModuleManager: Shutting down and abandoning module PaperTiledImporter (276)
[2018.03.11-12.31.02:626][535]LogModuleManager: Shutting down and abandoning module PaperSpriteSheetImporter (274)
[2018.03.11-12.31.02:626][535]LogModuleManager: Shutting down and abandoning module Paper2DEditor (272)
[2018.03.11-12.31.02:627][535]LogModuleManager: Shutting down and abandoning module MeshPaint (271)
[2018.03.11-12.31.02:627][535]LogModuleManager: Shutting down and abandoning module LevelEditor (269)
[2018.03.11-12.31.02:628][535]LogModuleManager: Shutting down and abandoning module PixelInspectorModule (268)
[2018.03.11-12.31.02:629][535]LogModuleManager: Shutting down and abandoning module MainFrame (266)
[2018.03.11-12.31.02:629][535]LogModuleManager: Shutting down and abandoning module HotReload (265)
[2018.03.11-12.31.02:630][535]LogModuleManager: Shutting down and abandoning module RuntimePhysXCooking (260)
[2018.03.11-12.31.02:630][535]LogModuleManager: Shutting down and abandoning module PhysXVehiclesEditor (258)
[2018.03.11-12.31.02:630][535]LogModuleManager: Shutting down and abandoning module PhysXVehicles (256)
[2018.03.11-12.31.02:630][535]LogModuleManager: Shutting down and abandoning module OculusEditor (254)
[2018.03.11-12.31.02:630][535]LogModuleManager: Shutting down and abandoning module LocationServicesBPLibrary (252)
[2018.03.11-12.31.02:630][535]LogModuleManager: Shutting down and abandoning module ImmediatePhysicsEditor (250)
[2018.03.11-12.31.02:631][535]LogModuleManager: Shutting down and abandoning module ImmediatePhysics (248)
[2018.03.11-12.31.02:631][535]LogModuleManager: Shutting down and abandoning module UdpMessaging (246)
[2018.03.11-12.31.02:732][535]LogModuleManager: Shutting down and abandoning module TcpMessaging (244)
[2018.03.11-12.31.02:832][535]LogModuleManager: Shutting down and abandoning module GameplayTagsEditor (242)
[2018.03.11-12.31.02:833][535]LogModuleManager: Shutting down and abandoning module FacialAnimationEditor (240)
[2018.03.11-12.31.02:833][535]LogModuleManager: Shutting down and abandoning module FacialAnimation (238)
[2018.03.11-12.31.02:833][535]LogModuleManager: Shutting down and abandoning module AssetManagerEditor (236)
[2018.03.11-12.31.02:835][535]LogModuleManager: Shutting down and abandoning module GraphEditor (235)
[2018.03.11-12.31.02:838][535]LogModuleManager: Shutting down and abandoning module ContentBrowser (233)
[2018.03.11-12.31.02:839][535]LogModuleManager: Shutting down and abandoning module LightPropagationVolumeRuntime (230)
[2018.03.11-12.31.02:839][535]LogModuleManager: Shutting down and abandoning module Paper2D (228)
[2018.03.11-12.31.02:839][535]LogModuleManager: Shutting down and abandoning module WindowsMoviePlayer (226)
[2018.03.11-12.31.02:840][535]LogModuleManager: Shutting down and abandoning module WmfMedia (224)
[2018.03.11-12.31.02:843][535]LogModuleManager: Shutting down and abandoning module PacketHandler (222)
[2018.03.11-12.31.02:843][535]LogModuleManager: Shutting down and abandoning module ClothingSystemEditor (220)
[2018.03.11-12.31.02:843][535]LogModuleManager: Shutting down and abandoning module ClothingSystemRuntime (218)
[2018.03.11-12.31.02:846][535]LogModuleManager: Shutting down and abandoning module Overlay (216)
[2018.03.11-12.31.02:846][535]LogModuleManager: Shutting down and abandoning module OverlayEditor (215)
[2018.03.11-12.31.02:846][535]LogModuleManager: Shutting down and abandoning module MediaAssets (212)
[2018.03.11-12.31.02:846][535]LogModuleManager: Shutting down and abandoning module VREditor (210)
[2018.03.11-12.31.02:847][535]LogModuleManager: Shutting down and abandoning module StringTableEditor (208)
[2018.03.11-12.31.02:847][535]LogModuleManager: Shutting down and abandoning module GameplayTasksEditor (206)
[2018.03.11-12.31.02:847][535]LogModuleManager: Shutting down and abandoning module BehaviorTreeEditor (204)
[2018.03.11-12.31.02:856][535]LogModuleManager: Shutting down and abandoning module FunctionalTesting (202)
[2018.03.11-12.31.02:856][535]LogModuleManager: Shutting down and abandoning module CollisionAnalyzer (200)
[2018.03.11-12.31.02:857][535]LogModuleManager: Shutting down and abandoning module WorkspaceMenuStructure (199)
[2018.03.11-12.31.02:857][535]LogModuleManager: Shutting down and abandoning module UMG (196)
[2018.03.11-12.31.02:859][535]LogModuleManager: Shutting down and abandoning module UMGEditor (195)
[2018.03.11-12.31.02:861][535]LogModuleManager: Shutting down and abandoning module Sequencer (194)
[2018.03.11-12.31.02:862][535]LogModuleManager: Shutting down and abandoning module MessageLog (191)
[2018.03.11-12.31.02:862][535]LogModuleManager: Shutting down and abandoning module SlateReflector (186)
[2018.03.11-12.31.02:864][535]LogModuleManager: Shutting down and abandoning module Slate (184)
[2018.03.11-12.31.02:864][535]LogModuleManager: Shutting down and abandoning module EditorStyle (182)
[2018.03.11-12.31.02:868][535]LogModuleManager: Shutting down and abandoning module MRMesh (180)
[2018.03.11-12.31.02:868][535]LogModuleManager: Shutting down and abandoning module SourceCodeAccess (178)
[2018.03.11-12.31.02:868][535]LogModuleManager: Shutting down and abandoning module HeadMountedDisplay (176)
[2018.03.11-12.31.02:869][535]LogModuleManager: Shutting down and abandoning module XAudio2 (174)
[2018.03.11-12.31.02:869][535]LogModuleManager: Shutting down and abandoning module Networking (172)
[2018.03.11-12.31.02:869][535]LogModuleManager: Shutting down and abandoning module Core (168)
[2018.03.11-12.31.02:869][535]LogModuleManager: Shutting down and abandoning module KismetCompiler (164)
[2018.03.11-12.31.02:869][535]LogModuleManager: Shutting down and abandoning module LevelSequence (162)
[2018.03.11-12.31.02:869][535]LogModuleManager: Shutting down and abandoning module MeshUtilities (160)
[2018.03.11-12.31.02:873][535]LogModuleManager: Shutting down and abandoning module MeshMergeUtilities (159)
[2018.03.11-12.31.02:873][535]LogModuleManager: Shutting down and abandoning module MeshReductionInterface (158)
[2018.03.11-12.31.02:873][535]LogModuleManager: Shutting down and abandoning module SimplygonSwarm (157)
[2018.03.11-12.31.02:874][535]LogModuleManager: Shutting down and abandoning module SimplygonMeshReduction (155)
[2018.03.11-12.31.02:874][535]LogModuleManager: Shutting down and abandoning module QuadricMeshReduction (153)
[2018.03.11-12.31.02:874][535]LogModuleManager: Shutting down and abandoning module MaterialBaking (149)
[2018.03.11-12.31.02:874][535]LogModuleManager: Shutting down and abandoning module DirectoryWatcher (146)
[2018.03.11-12.31.02:876][535]LogModuleManager: Shutting down and abandoning module DerivedDataCache (144)
[2018.03.11-12.31.02:975][535]LogDerivedDataCache: Shutdown
[2018.03.11-12.31.02:995][535]LogModuleManager: Shutting down and abandoning module TargetPlatform (142)
[2018.03.11-12.31.02:995][535]LogModuleManager: Shutting down and abandoning module VulkanShaderFormat (141)
[2018.03.11-12.31.02:997][535]LogModuleManager: Shutting down and abandoning module ShaderFormatVectorVM (139)
[2018.03.11-12.31.02:998][535]LogModuleManager: Shutting down and abandoning module ShaderFormatOpenGL (137)
[2018.03.11-12.31.02:998][535]LogModuleManager: Shutting down and abandoning module ShaderFormatD3D (135)
[2018.03.11-12.31.02:999][535]LogModuleManager: Shutting down and abandoning module MetalShaderFormat (133)
[2018.03.11-12.31.03:000][535]LogModuleManager: Shutting down and abandoning module TextureFormatUncompressed (131)
[2018.03.11-12.31.03:000][535]LogModuleManager: Shutting down and abandoning module TextureFormatPVR (129)
[2018.03.11-12.31.03:000][535]LogModuleManager: Shutting down and abandoning module TextureFormatDXT (127)
[2018.03.11-12.31.03:001][535]LogModuleManager: Shutting down and abandoning module TextureFormatIntelISPCTexComp (125)
[2018.03.11-12.31.03:002][535]LogModuleManager: Shutting down and abandoning module TextureFormatASTC (123)
[2018.03.11-12.31.03:002][535]LogModuleManager: Shutting down and abandoning module ImageWrapper (122)
[2018.03.11-12.31.03:002][535]LogModuleManager: Shutting down and abandoning module TextureFormatAndroid (119)
[2018.03.11-12.31.03:002][535]LogModuleManager: Shutting down and abandoning module AudioFormatOpus (117)
[2018.03.11-12.31.03:002][535]LogModuleManager: Shutting down and abandoning module AudioFormatOgg (115)
[2018.03.11-12.31.03:002][535]LogModuleManager: Shutting down and abandoning module AudioFormatADPCM (113)
[2018.03.11-12.31.03:002][535]LogModuleManager: Shutting down and abandoning module LinuxTargetPlatform (111)
[2018.03.11-12.31.03:002][535]LogModuleManager: Shutting down and abandoning module LinuxServerTargetPlatform (109)
[2018.03.11-12.31.03:002][535]LogModuleManager: Shutting down and abandoning module LinuxNoEditorTargetPlatform (107)
[2018.03.11-12.31.03:002][535]LogModuleManager: Shutting down and abandoning module LinuxClientTargetPlatform (105)
[2018.03.11-12.31.03:002][535]LogModuleManager: Shutting down and abandoning module TVOSTargetPlatform (103)
[2018.03.11-12.31.03:002][535]LogModuleManager: Shutting down and abandoning module Messaging (101)
[2018.03.11-12.31.03:002][535]LogModuleManager: Shutting down and abandoning module IOSTargetPlatform (99)
[2018.03.11-12.31.03:002][535]LogModuleManager: Shutting down and abandoning module HTML5TargetPlatform (97)
[2018.03.11-12.31.03:002][535]LogModuleManager: Shutting down and abandoning module Android_PVRTCTargetPlatform (95)
[2018.03.11-12.31.03:002][535]LogModuleManager: Shutting down and abandoning module Android_MultiTargetPlatform (93)
[2018.03.11-12.31.03:002][535]LogModuleManager: Shutting down and abandoning module Android_ETC2TargetPlatform (91)
[2018.03.11-12.31.03:002][535]LogModuleManager: Shutting down and abandoning module Android_ETC1TargetPlatform (89)
[2018.03.11-12.31.03:002][535]LogModuleManager: Shutting down and abandoning module Android_DXTTargetPlatform (87)
[2018.03.11-12.31.03:002][535]LogModuleManager: Shutting down and abandoning module Android_ATCTargetPlatform (85)
[2018.03.11-12.31.03:002][535]LogModuleManager: Shutting down and abandoning module Android_ASTCTargetPlatform (83)
[2018.03.11-12.31.03:002][535]LogModuleManager: Shutting down and abandoning module AndroidTargetPlatform (81)
[2018.03.11-12.31.03:002][535]LogModuleManager: Shutting down and abandoning module WindowsTargetPlatform (79)
[2018.03.11-12.31.03:002][535]LogModuleManager: Shutting down and abandoning module WindowsServerTargetPlatform (77)
[2018.03.11-12.31.03:002][535]LogModuleManager: Shutting down and abandoning module WindowsNoEditorTargetPlatform (75)
[2018.03.11-12.31.03:002][535]LogModuleManager: Shutting down and abandoning module WindowsClientTargetPlatform (73)
[2018.03.11-12.31.03:002][535]LogModuleManager: Shutting down and abandoning module MacTargetPlatform (71)
[2018.03.11-12.31.03:002][535]LogModuleManager: Shutting down and abandoning module MacServerTargetPlatform (69)
[2018.03.11-12.31.03:002][535]LogModuleManager: Shutting down and abandoning module MacNoEditorTargetPlatform (67)
[2018.03.11-12.31.03:002][535]LogModuleManager: Shutting down and abandoning module MacClientTargetPlatform (65)
[2018.03.11-12.31.03:002][535]LogModuleManager: Shutting down and abandoning module AllDesktopTargetPlatform (63)
[2018.03.11-12.31.03:002][535]LogModuleManager: Shutting down and abandoning module InputCore (60)
[2018.03.11-12.31.03:002][535]LogModuleManager: Shutting down and abandoning module Settings (58)
[2018.03.11-12.31.03:003][535]LogModuleManager: Shutting down and abandoning module PhysXCooking (56)
[2018.03.11-12.31.03:003][535]LogModuleManager: Shutting down and abandoning module SteamVR (54)
[2018.03.11-12.31.03:003][535]LogModuleManager: Shutting down and abandoning module OculusHMD (52)
[2018.03.11-12.31.03:003][535]LogModuleManager: Shutting down and abandoning module ExampleDeviceProfileSelector (50)
[2018.03.11-12.31.03:003][535]LogModuleManager: Shutting down and abandoning module OnlineBlueprintSupport (48)
[2018.03.11-12.31.03:003][535]LogModuleManager: Shutting down and abandoning module OnlineSubsystem (44)
[2018.03.11-12.31.03:003][535]LogOnline: Display: Unloading online subsystem: NULL
[2018.03.11-12.31.03:007][535]LogModuleManager: Shutting down and abandoning module XMPP (43)
[2018.03.11-12.31.03:010][535]LogModuleManager: Shutting down and abandoning module HTTP (41)
[2018.03.11-12.31.03:010][535]LogHttp: Display: Http module shutting down, but needs to wait on 1 outstanding Http requests:
[2018.03.11-12.31.03:010][535]LogHttp: Display: 	verb=[POST] url=[https://datarouter.ol.epicgames.com/datarouter/api/v1/public/data?SessionID=%7B961B5C00-4F05-7CFC-E5E8-04ACC5A77DB0%7D&AppID=UEEditor.Rocket.Release&AppVersion=4.17.2-3658906%2B%2B%2BUE4%2BRelease-4.17&UserID=2c017aa848a0639b073418ac0bdfe1ce%7C5cf2927ebe414034bf8eb0e9ee5e648a%7C2ace397d-1a2c-4aa1-98ad-1f3c06747c3c&AppEnvironment=datacollector-binary&UploadType=eteventstream] status=Processing
[2018.03.11-12.31.03:032][535]LogModuleManager: Shutting down and abandoning module SSL (40)
[2018.03.11-12.31.03:035][535]LogModuleManager: Shutting down and abandoning module AnimationModifiers (36)
[2018.03.11-12.31.03:037][535]LogModuleManager: Shutting down and abandoning module PropertyEditor (35)
[2018.03.11-12.31.03:037][535]LogModuleManager: Shutting down and abandoning module AudioEditor (32)
[2018.03.11-12.31.03:040][535]LogModuleManager: Shutting down and abandoning module TextureCompressor (30)
[2018.03.11-12.31.03:041][535]LogModuleManager: Shutting down and abandoning module ShaderCore (28)
[2018.03.11-12.31.03:041][535]LogModuleManager: Shutting down and abandoning module Landscape (26)
[2018.03.11-12.31.03:041][535]LogModuleManager: Shutting down and abandoning module SlateRHIRenderer (24)
[2018.03.11-12.31.03:046][535]LogModuleManager: Shutting down and abandoning module OpenGLDrv (22)
[2018.03.11-12.31.03:046][535]LogModuleManager: Shutting down and abandoning module D3D11RHI (20)
[2018.03.11-12.31.03:046][535]LogModuleManager: Shutting down and abandoning module AnimGraphRuntime (18)
[2018.03.11-12.31.03:047][535]LogModuleManager: Shutting down and abandoning module Renderer (16)
[2018.03.11-12.31.03:047][535]LogModuleManager: Shutting down and abandoning module Engine (14)
[2018.03.11-12.31.03:047][535]LogModuleManager: Shutting down and abandoning module CoreUObject (12)
[2018.03.11-12.31.03:047][535]LogModuleManager: Shutting down and abandoning module NetworkFile (10)
[2018.03.11-12.31.03:048][535]LogModuleManager: Shutting down and abandoning module CookedIterativeFile (8)
[2018.03.11-12.31.03:048][535]LogModuleManager: Shutting down and abandoning module StreamingFile (6)
[2018.03.11-12.31.03:049][535]LogModuleManager: Shutting down and abandoning module SandboxFile (4)
[2018.03.11-12.31.03:050][535]LogModuleManager: Shutting down and abandoning module PakFile (2)
[2018.03.11-12.31.03:060][535]LogExit: Exiting.
[2018.03.11-12.31.03:080][535]Log file closed, 03/11/18 13:31:03
